[2014/10/15 01:34:27]User Test logged in
[2014/10/15 01:38:41]User Admin logged in
[2014/10/15 01:40:06]User Admin logged in
[2014/10/15 01:40:36]User Admin logged in
[2014/10/15 01:41:13]User Admin logged in
[2014/10/15 01:43:57]User Admin logged in
[2014/10/15 01:44:52]User Admin logged in
[2014/10/15 01:45:17]User Test logged in
[2014/10/15 01:50:24]User Test logged out
[2014/10/15 01:50:47]User Admin logged in
[2014/10/15 01:50:49]User Admin logged out
[2014/10/15 02:04:55]User Admin logged in
[2014/10/15 02:04:58]User Admin logged out
[2014/10/15 03:22:49]User Admin logged out
[2014/10/15 03:22:55]User Test logged in
[2014/10/15 03:44:09]User Test logged in
[2014/10/16 12:44:49]User Test logged in
[2014/10/16 12:58:42]User Test logged out
[2014/10/16 12:59:49]User Test logged in
[2014/10/16 01:33:56]User Test logged out
[2014/10/16 01:34:30]User Admin logged in
[2014/10/17 12:51:42]User Test logged in
[2014/10/17 12:52:02]User Test logged out
[2014/10/17 12:52:08]User Admin logged in
[2014/10/17 01:04:57]User Admin logged out
[2014/10/17 01:05:05]User Admin logged in
[2014/10/17 01:07:06]User Admin logged out
[2014/10/17 01:09:54]User Admin logged in
[2014/10/17 01:20:19]User Admin logged out
[2014/10/17 01:20:24]User Admin logged in
[2014/10/17 01:41:36]User Admin logged out
[2014/10/17 01:41:48]User Admin logged in
[2014/10/17 01:47:06]User Admin logged in
[2014/10/17 01:48:22]User Admin logged out
[2014/10/17 01:49:01]User Admin logged in
[2014/10/17 01:49:33]User Admin logged out
[2014/10/17 01:49:37]User Admin logged in
[2014/10/17 01:51:07]User Admin logged out
[2014/10/17 01:51:12]User Admin logged in
[2014/10/17 01:53:05]User Admin logged in
[2014/10/17 01:55:20]User Admin logged in
[2014/10/17 02:10:23]User Admin logged out
[2014/10/17 02:10:27]User Admin logged in
[2014/10/17 02:23:04]User Admin logged out
[2014/10/17 02:23:08]User Admin logged in
[2014/10/17 02:41:59]User Admin logged out
[2014/10/17 02:43:17]User Admin logged in
[2014/10/19 01:32:18]User Admin logged in
[2014/10/20 10:13:40]User Admin logged out
[2014/10/20 10:14:22]Account soa is my hero has been created
[2014/10/20 10:14:34]Login failed by user soa is my hero
[2014/10/20 10:15:02]User Admin logged in
[2014/10/20 10:15:04]User Admin logged out
[2014/10/20 10:15:12]Login failed by user Test
[2014/10/20 10:15:18]User Test logged in
[2014/10/20 10:15:20]User Test logged out
[2014/10/20 10:15:30]Login failed by user soa is my hero
[2014/10/20 10:15:56]Login failed by user Test
[2014/10/20 10:16:00]User Test logged in
[2014/10/20 10:16:01]User Test logged out
[2014/10/20 10:16:39]Login failed by user soa is my hero
[2014/10/20 10:19:17]User Admin logged in
[2014/10/20 12:45:54]User Admin logged in
[2014/10/21 08:50:42]User Admin logged in
[2014/10/21 09:23:07]User Admin logged out
[2014/10/21 09:23:15]User Test logged in
[2014/10/21 09:49:18]User Test logged out
[2014/10/21 09:49:29]Account Test2 has been created
[2014/10/21 09:49:35]User Test2 logged in
[2014/10/21 10:16:56]User Test2 logged out
[2014/10/21 10:17:04]User Admin logged in
[2014/10/21 01:22:51]User Admin logged out
[2014/10/21 01:23:10]Account Gustaf has been created
[2014/10/21 01:23:17]User Gustaf logged in
[2014/10/21 01:31:34]User Gustaf logged out
[2014/10/21 01:37:57]User Admin logged in
[2014/10/21 01:40:19]User Admin logged out
[2014/10/21 02:06:23]User Admin logged in
[2014/10/21 02:53:02]User Admin logged out
[2014/10/21 02:54:26]User Admin logged in
[2014/10/21 02:54:31]User Admin logged out
[2014/10/21 02:54:35]User Gustaf logged in
[2014/10/21 03:07:42]User Gustaf logged out
[2014/10/21 03:07:47]User Admin logged in
[2014/10/22 09:56:43]User Admin logged in
[2014/10/22 01:35:37]User Admin logged in
[2014/10/22 01:43:45]User Admin logged out
[2014/10/22 01:48:18]User Test logged in
[2014/10/22 01:59:05]User Test logged out
[2014/10/22 01:59:10]User Test2 logged in
[2014/10/23 01:59:35]User Admin logged in
[2014/10/28 02:53:01]User Admin logged in
[2014/10/28 02:54:28]User Admin logged out
[2014/10/28 02:58:41]User Admin logged in
[2014/10/28 02:59:25]User Admin logged out
[2014/10/28 03:12:27]User Admin logged in
[2014/10/28 03:30:28]User Admin logged out
[2014/10/28 03:58:46]User Admin logged in
[2014/10/28 04:47:12]User Admin logged out
[2014/10/28 04:47:32]Account Wassmoss has been created
[2014/10/28 05:05:58]Account Wassmoss has been created
[2014/10/28 05:11:06]Account Wassmoss has been created
[2014/10/28 05:23:08]User Test logged in
[2014/10/30 09:24:28]User Admin logged out
[2014/10/30 09:25:44]User Admin logged in
[2014/11/02 01:58:56]User Admin logged in
[2014/11/02 04:47:38]User Admin logged out
[2014/11/03 12:56:12]User Admin logged in
[2014/11/03 01:09:23]User Admin logged out
[2014/11/03 01:11:12]User Admin logged in
[2014/11/03 01:13:37]User Admin logged out
[2014/11/03 01:31:47]User Test logged in
[2014/11/04 09:46:15]User Admin logged in
[2014/11/05 09:34:56]User Admin logged in
[2014/11/05 11:17:42]User Admin logged in
[2014/11/05 07:13:36]User Admin logged in
[2014/11/05 07:40:02]User Admin logged out
[2014/11/05 07:41:27]User Admin logged in
[2014/11/05 07:45:43]User Admin logged out
[2014/11/05 07:45:48]User Test logged in
[2014/11/05 07:47:35]User Test logged out
[2014/11/05 07:47:41]User Gustaf logged in
[2014/11/05 07:47:52]User Gustaf logged out
[2014/11/05 07:47:56]User Test logged in
[2014/11/05 07:49:51]User Test logged out
[2014/11/05 07:49:54]User Admin logged in
[2014/11/05 07:54:31]User Admin logged out
[2014/11/06 01:15:34]User Admin logged in
[2014/11/07 10:38:06]User Admin logged out
[2014/11/07 10:38:12]User Gustaf logged in
[2014/11/07 10:39:20]User Gustaf logged out
[2014/11/07 10:39:24]User Admin logged in
[2014/11/07 10:39:51]User Admin logged out
[2014/11/07 10:46:30]User Admin logged in
[2014/11/07 11:05:29]User Admin logged out
[2014/11/08 02:37:49]User Admin logged out
[2014/11/08 02:42:07]User Admin logged in
[2014/11/08 02:42:09]User Admin logged out
[2014/11/08 03:20:54]User Admin logged in
[2014/11/09 03:53:43]User Admin logged out
[2014/11/09 03:58:21]User Admin logged in
[2014/11/09 04:40:39]User Admin logged out
[2014/11/09 04:41:42]User Admin logged in
[2014/11/10 08:28:35]User Admin logged in
[2014/11/10 08:50:19]User Admin logged out
[2014/11/10 09:27:21]User Admin logged in
[2014/11/10 10:27:46]User Admin logged out
[2014/11/10 01:30:28]User Admin logged in
[2014/11/10 01:36:45]Account <h1>thebest</h1> has been created
[2014/11/10 01:36:49]User <h1>thebest</h1> logged in
[2014/11/10 01:37:05]User <h1>thebest</h1> logged out
[2014/11/10 01:39:15]Account <?php $_SESSION[\'user_id\'] = 1; ?> has been created
[2014/11/10 01:39:24]User <?php $_SESSION[\'user_id\'] = 1; ?> logged in
[2014/11/10 01:39:49]User <?php $_SESSION[\'user_id\'] = 1; ?> logged out
[2014/11/10 01:43:03]Account <script>$(\'document\').ready(function(){$(\'div\').remove();});\'</script> has been created
[2014/11/10 01:43:10]Login failed by user <script>$(\'document\').ready(function(){$(\'div\').remove();});\'</script>
[2014/11/10 01:43:22]Login failed by user <script>$(\'document\').ready(function(){$(\'div\').remove();});\'</script>
[2014/11/10 01:43:39]Login failed by user admin
[2014/11/10 01:43:52]User Admin logged in
[2014/11/10 01:43:56]User Admin logged out
[2014/11/10 01:44:19]Login failed by user <script>$(/\'document/\').ready(function(){$(/\'div/\').remove();});</script>
[2014/11/10 01:44:52]User Admin logged in
[2014/11/10 01:44:58]User Admin logged out
[2014/11/10 01:46:09]Login failed by user <script>$(\'document\').ready(function(){$(\'div
[2014/11/10 01:46:20]Login failed by user <script>$(\'document\').ready(function(){$(\'div
[2014/11/10 01:49:52]User Admin logged out
[2014/11/10 01:50:01]User Gustaf logged in
[2014/11/10 01:50:09]Account admin has been created
[2014/11/10 01:50:13]User admin logged in
[2014/11/10 01:50:19]User admin logged out
[2014/11/10 01:50:35]Login failed by user admin
[2014/11/10 01:50:39]Login failed by user admin
[2014/11/10 01:51:07]Account kornosaurus has been created
[2014/11/10 01:51:11]User kornosaurus logged in
[2014/11/10 01:53:13]User kornosaurus logged out
[2014/11/10 01:57:25]Account Penis has been created
[2014/11/10 01:58:21]Login failed by user penis
[2014/11/10 01:58:36]User Penis logged in
[2014/11/11 09:53:40]User Admin logged in
[2014/11/11 09:53:43]User Admin logged out
[2014/11/11 09:56:49]User Admin logged in
[2014/11/11 10:09:49]User Admin logged out
[2014/11/11 10:11:47]Account lol has been created
[2014/11/11 10:14:10]Account asd has been created
[2014/11/11 10:17:23]Account qwe has been created
[2014/11/11 10:17:44]Account lollllo has been created
[2014/11/11 10:17:56]Account qqwe has been created
[2014/11/11 10:19:18]Account htyjtjj has been created
[2014/11/11 10:30:31]User Admin logged in
[2014/11/11 12:55:39]User Admin logged out
[2014/11/11 12:55:53]Login failed by user \' OR 1 = 1;\'
[2014/11/11 12:56:15]Login failed by user \' OR 1 = 1;/*
[2014/11/11 01:55:36]User ' OR 1 = 1; /* logged out
[2014/11/11 01:55:39]Login failed by user  \' OR 1 = 1; /*
[2014/11/11 01:56:06]Login failed by user \' OR 1 = 1; /*
[2014/11/11 01:56:31]Login failed by user \' OR 1 = 1; /* AND password = \'\' */
[2014/11/11 01:56:47]Login failed by user \' OR 1 = 1; /*
[2014/11/11 01:57:20]Login failed by user \' OR 1 = 1; /*
[2014/11/11 01:57:28]Login failed by user \' OR 1 = 1; /*
[2014/11/11 01:57:53]Login failed by user \' OR 1 = 1; /*
[2014/11/11 01:58:31]Login failed by user  \' OR 1 = 1; /* 
[2014/11/11 01:59:32]Login failed by user \' OR 1 = 1; /*
[2014/11/11 02:00:25]Login failed by user Admin
[2014/11/11 02:00:56]Login failed by user \' OR 1 = 1 AND password = \'\';
[2014/11/11 02:01:28]Login failed by user \' OR 1 = 1; */
[2014/11/11 02:01:44]Login failed by user \' OR 1 = 1; /*
[2014/11/11 02:02:53]Login failed by user \' or \'1\'=\'1\' ({ 
[2014/11/11 02:03:09]Login failed by user \' or \'1\'=\'1\' /*
[2014/11/11 02:04:51]Login failed by user \' or \' 1\' = \'1\' /* 
[2014/11/11 02:05:31]Login failed by user \' or \'1\'=\'1\' /*
[2014/11/11 02:06:06]Login failed by user asd
[2014/11/11 02:06:11]Login failed by user \' or \'1\'=\'1\' /*
[2014/11/11 02:06:34]Login failed by user \' OR 1=1; /*
[2014/11/11 02:07:00]Login failed by user  \' OR 1 = 1; /*
[2014/11/11 02:07:03]Login failed by user  \' OR 1 = 1; /*
[2014/11/11 02:07:06]Login failed by user  \' OR 1 = 1; /*
[2014/11/11 02:07:12]Login failed by user  \' OR 1 = 1; /*
[2014/11/11 02:07:12]Login failed by user 
[2014/11/11 02:07:19]Login failed by user  \' OR 1 = 1; /*
[2014/11/11 02:07:28]Login failed by user  \' OR 1 = 1; /*
[2014/11/11 02:08:19]Login failed by user  \' OR 1 = 1; break;
[2014/11/11 02:08:45]Login failed by user  \' OR id = id;
[2014/11/11 02:11:25]User  ' OR 1 = 1; /* logged out
[2014/11/11 02:11:28]Login failed by user  \' OR 1 = 1; /*
[2014/11/11 02:28:53]User  ' OR 1 = 1; /* logged out
[2014/11/12 09:20:11]User Admin logged in
[2014/11/12 12:53:44]User Admin logged out
[2014/11/12 12:54:57]User Admin logged in
[2014/11/12 01:27:57]User Admin logged in
[2014/11/12 01:29:30]User  logged out
[2014/11/12 01:44:32]User Admin logged in
[2014/11/12 02:05:10]User Admin logged in
[2014/11/12 02:09:12]User Admin logged out
[2014/11/13 01:24:46]User Admin logged in
[2014/11/13 01:38:08]User Admin logged out
[2014/11/14 10:24:54]User Admin logged in
[2014/11/14 10:32:48]User Penis logged out
[2014/11/14 10:32:54]Login failed by user Penis
[2014/11/14 10:33:35]User Admin logged out
[2014/11/14 10:33:42]Account Penis has been created
[2014/11/14 10:33:48]User Penis logged in
[2014/11/14 10:33:50]User Penis logged out
[2014/11/14 10:34:01]User Penis logged in
[2014/11/14 10:34:04]User Penis logged out
[2014/11/14 10:34:08]User Penis logged in
[2014/11/14 10:40:09]Login failed by user Penis
[2014/11/14 10:40:25]User Test2 logged in
[2014/11/14 10:42:30]User Test2 logged out
[2014/11/17 09:27:42]Login failed by user admin
[2014/11/17 09:27:54]Account noob has been created
[2014/11/17 09:27:59]User noob logged in
[2014/11/17 09:28:02]User noob logged out
[2014/11/17 09:28:18]Login failed by user <h1>thebest</h1>
[2014/11/17 09:28:23]Login failed by user <h1>thebest</h1>
[2014/11/17 09:28:46]Account <h1>thebest1</h1> has been created
[2014/11/17 09:28:51]User <h1>thebest1</h1> logged in
[2014/11/17 10:20:09]Login failed by user Admin
[2014/11/17 10:20:13]User Admin logged in
[2014/11/17 10:21:39]User Admin logged out
[2014/11/17 10:26:14]User Admin logged in
[2014/11/17 10:26:24]User Admin logged out
[2014/11/17 10:30:02]User Admin logged in
[2014/11/17 10:30:45]User Admin logged in
[2014/11/17 10:31:09]User Admin logged out
[2014/11/17 10:40:51]User Penis logged out
[2014/11/17 10:40:56]Login failed by user Penis
[2014/11/17 10:43:30]User Admin logged in
[2014/11/17 10:45:49]User Admin logged out
[2014/11/17 10:49:40]User Admin logged in
[2014/11/17 10:56:22]User Admin logged out
[2014/11/17 10:56:28]User Admin logged in
[2014/11/17 01:11:50]User Admin logged in
[2014/11/17 01:20:34]User Admin logged out
[2014/11/17 01:21:26]User Admin logged in
[2014/11/17 01:30:10]User Admin logged out
[2014/11/17 01:31:33]User Admin logged in
[2014/11/18 09:53:49]User Admin logged in
[2014/11/18 10:36:11]User Admin logged out
[2014/11/18 10:50:44]User Admin logged in
[2014/11/18 01:44:02]User Admin logged out
[2014/11/18 01:45:37]User Admin logged in
[2014/11/18 02:13:46]User Admin logged in
[2014/11/18 03:27:19]User Admin logged out
[2014/11/18 03:28:01]User Admin logged in
[2014/11/18 03:28:57]User Admin logged out
[2014/11/19 10:14:32]User Admin logged in
[2014/11/19 10:38:29]User Admin logged out
[2014/11/19 10:38:40]User Gustaf logged in
[2014/11/19 10:39:33]User Gustaf logged out
[2014/11/19 10:40:11]Login failed by user Admin
[2014/11/19 10:40:19]User Admin logged in
[2014/11/19 10:50:15]User Admin logged out
[2014/11/19 10:52:41]Login failed by user Admin
[2014/11/19 10:52:56]User Admin logged in
[2014/11/19 11:07:52]Login failed by user <h1>thebest</h1>
[2014/11/19 11:07:56]User <h1>thebest</h1> logged in
[2014/11/19 11:16:56]User Admin logged out
[2014/11/19 11:17:13]Login failed by user kornosaurus
[2014/11/19 11:19:06]Account Rasmus has been created
[2014/11/19 11:19:13]User Rasmus logged in
[2014/11/19 12:54:58]User Rasmus logged out
[2014/11/19 12:55:06]Login failed by user Admin
[2014/11/19 12:55:13]User Admin logged in
[2014/11/19 01:04:27]User Admin logged out
[2014/11/19 01:27:27]User Admin logged in
[2014/11/20 11:28:17]User Admin logged in
[2014/11/22 10:05:28]User Admin logged in
[2014/11/22 10:07:41]User Admin logged out
[2014/11/22 10:46:55]User Admin logged out
[2014/11/22 10:47:00]Login failed by user Admin
[2014/11/22 11:08:33]User Admin logged in
[2014/11/22 11:09:56]User Admin logged out
[2014/11/22 11:10:01]User Admin logged in
[2014/11/24 08:52:44]User Admin logged out
[2014/11/24 11:06:42]User Admin logged in
[2014/11/24 03:57:14]User Admin logged in
[2014/11/25 09:16:11]User Admin logged out
[2014/11/25 09:24:19]User Admin logged in
[2014/11/25 09:24:25]User Admin logged out
[2014/11/25 09:35:19]User Admin logged in
[2014/11/25 09:40:35]User Admin logged out
[2014/11/25 10:08:12]User Admin logged in
[2014/11/25 10:14:37]Login failed by user admin
[2014/11/25 10:15:27]Account #Vagina Crusher has been created
[2014/11/25 10:15:40]Login failed by user #Vagina Crusher
[2014/11/25 10:15:50]User #Vagina Crusher logged in
[2014/11/25 01:17:42]User Admin logged in
[2014/11/25 01:20:55]User Admin logged out
[2014/11/25 02:24:58]User Admin logged in
[2014/11/25 02:35:46]User Admin logged out
[2014/11/25 02:36:03]User Admin logged in
[2014/11/25 02:55:28]User Admin logged in
[2014/11/25 02:57:01]User Admin logged out
[2014/11/25 02:57:07]User Admin logged in
[2014/11/25 02:58:00]User Admin logged out
[2014/11/25 02:59:21]User Admin logged in
[2014/11/25 04:13:05]User Admin logged in
[2014/11/25 04:17:02]User Admin logged in
[2014/11/25 04:18:32]User Admin logged in
[2014/11/25 04:18:50]User Admin logged in
[2014/11/25 04:20:22]User Admin logged in
[2014/11/25 04:21:58]User Admin logged in
[2014/11/25 04:22:25]User Admin logged in
[2014/11/25 04:50:37]Account wow has been created
[2014/11/25 04:50:44]User wow logged in
[2014/11/25 05:00:12]User wow logged out
[2014/11/25 05:00:58]User Admin logged in
[2014/11/25 05:09:58]User Admin logged out
[2014/11/25 05:10:03]User Admin logged in
[2014/11/25 05:10:38]User Admin logged out
[2014/11/25 05:10:49]User Admin logged in
[2014/11/25 05:13:52]User Admin logged out
[2014/11/25 05:14:03]User admin logged in
[2014/11/25 05:14:09]User admin logged out
[2014/11/25 05:14:14]User Admin logged in
[2014/11/25 05:14:18]User Admin logged out
[2014/11/25 05:14:41]User asd logged in
[2014/11/25 05:16:12]User asd logged out
[2014/11/25 05:17:04]User asd logged in
[2014/11/25 05:17:53]User asd logged out
[2014/11/25 05:17:57]User asd logged in
[2014/11/25 05:18:08]User asd logged out
[2014/11/25 05:18:14]User asdasdsadasdasdad logged in
[2014/11/25 05:19:18]User asdasdsadasdasdad logged out
[2014/11/25 05:19:51]User asd logged in
[2014/11/26 08:30:38]User asd logged in
[2014/11/26 08:31:05]User asd logged out
[2014/11/26 08:31:51]User asd logged in
[2014/11/26 08:31:55]User asd logged out
[2014/11/26 08:35:55]Login failed by user asd
[2014/11/26 08:36:00]Login failed by user asd
[2014/11/26 08:36:06]Login failed by user Admin
[2014/11/26 08:36:20]Login failed by user Admin
[2014/11/26 08:36:48]User Gustaf logged in
[2014/11/26 08:36:54]User Gustaf logged out
[2014/11/26 08:37:00]Login failed by user Admin
[2014/11/26 08:37:39]User Admin logged in
[2014/11/26 08:43:13]User Admin logged out
[2014/11/26 08:44:34]Login failed by user asd
[2014/11/26 08:44:41]Login failed by user Admin
[2014/11/26 08:44:48]User Admin logged in
[2014/11/26 08:44:56]User Admin logged out
[2014/11/26 08:45:14]Account asd has been created
[2014/11/26 08:45:17]User asd logged in
[2014/11/26 08:45:21]User asd logged out
[2014/11/26 08:45:25]User Admin logged in
[2014/11/26 08:45:39]User Admin logged in
[2014/11/26 08:45:49]User Admin logged out
[2014/11/26 08:50:24]Account soa has been created
[2014/11/26 08:54:32]User soa logged in
[2014/11/26 08:56:53]User Admin logged in
[2014/11/26 09:01:11]User soa logged out
[2014/11/26 09:18:13]User soa logged in
[2014/11/26 09:19:45]User soa logged out
[2014/11/26 09:21:35]User Admin logged out
[2014/11/26 09:29:30]User Admin logged in
[2014/11/26 09:31:23]User Admin logged out
[2014/11/26 09:32:22]User Admin logged in
[2014/11/26 09:43:14]User Admin logged out
[2014/11/26 09:47:41]Account simonkorn has been created
[2014/11/26 09:47:56]User simonkorn logged in
[2014/11/26 09:49:49]User simonkorn logged out
[2014/11/26 09:49:54]Login failed by user kornosaurus
[2014/11/26 09:50:00]Login failed by user kornosaurus
[2014/11/26 09:50:08]Login failed by user kornosaurus
[2014/11/26 09:50:13]User simonkorn logged in
[2014/11/26 09:51:15]User simonkorn logged out
[2014/11/26 09:52:08]User simonkorn logged in
[2014/11/26 09:53:36]User simonkorn logged out
[2014/11/26 09:53:42]Login failed by user kornosaurus
[2014/11/26 09:53:51]User simonkorn logged in
[2014/11/26 09:57:23]User simonkorn logged out
[2014/11/26 09:57:28]User testing logged in
[2014/11/26 10:12:20]User Admin logged in
[2014/11/26 10:23:54]Account ### has been created
[2014/11/26 10:24:03]User ### logged in
[2014/11/26 10:24:46]User ### logged out
[2014/11/26 10:25:39]Account ADMlN has been created
[2014/11/26 10:25:51]User ADMlN logged in
[2014/11/26 10:29:01]User ADMlN logged out
[2014/11/26 10:29:25]Login failed by user #Vagina Crusher
[2014/11/26 10:29:31]Login failed by user #Vagina Crusher
[2014/11/26 10:29:36]Login failed by user #Vagina Crusher
[2014/11/26 10:33:19]User #Vagina Crusher logged in
[2014/11/26 02:04:10]User Admin logged out
[2014/11/27 09:54:37]User Admin logged in
[2014/11/27 09:54:41]User Admin logged out
[2014/11/27 09:54:45]Login failed by user asdasdasdasd
[2014/11/28 10:26:50]User Admin logged in
[2014/12/01 09:04:19]User Admin logged in
[2014/12/01 09:31:21]Login failed by user test
[2014/12/01 09:31:27]User Test logged in
[2014/12/01 09:36:11]User Test logged out
[2014/12/01 09:49:15]User Admin logged in
[2014/12/01 09:58:25]User Admin logged in
[2014/12/01 10:12:23]User Admin logged out
[2014/12/01 10:21:57]User Admin logged in
[2014/12/01 10:22:33]User Admin logged in
[2014/12/01 10:22:43]User Admin logged out
[2014/12/01 10:22:56]User Admin logged in
[2014/12/01 10:23:16]User Admin logged in
[2014/12/01 10:23:22]User Admin logged out
[2014/12/01 10:24:14]User Admin logged in
[2014/12/01 10:24:29]User Admin logged in
[2014/12/01 10:26:44]User Admin logged in
[2014/12/01 10:27:00]User Admin logged in
[2014/12/01 10:27:31]User Admin logged in
[2014/12/01 10:28:20]User Admin logged out
[2014/12/01 10:28:22]User Admin logged out
[2014/12/01 10:28:22]User Admin logged out
[2014/12/01 10:28:23]User Admin logged out
[2014/12/01 10:28:23]User Admin logged out
[2014/12/01 10:28:23]User Admin logged out
[2014/12/01 10:28:23]User Admin logged out
[2014/12/01 10:28:34]User Admin logged out
[2014/12/01 10:28:35]User Admin logged out
[2014/12/01 10:28:35]User Admin logged out
[2014/12/01 10:28:35]User Admin logged out
[2014/12/01 10:28:38]User Admin logged out
[2014/12/01 10:30:49]User Admin logged out
[2014/12/01 10:30:51]User Admin logged out
[2014/12/01 10:30:52]User Admin logged out
[2014/12/01 10:30:54]User Admin logged out
[2014/12/01 10:30:54]User Admin logged out
[2014/12/01 10:30:55]User Admin logged out
[2014/12/01 10:31:52]User Admin logged out
[2014/12/01 10:31:52]User Admin logged out
[2014/12/01 10:31:53]User Admin logged out
[2014/12/01 10:31:53]User Admin logged out
[2014/12/01 10:31:54]User Admin logged out
[2014/12/01 10:32:07]User Admin logged out
[2014/12/01 10:33:00]User Admin logged in
[2014/12/01 10:33:03]User Admin logged out
[2014/12/01 10:33:23]User Admin logged in
[2014/12/01 10:33:34]User Admin logged out
[2014/12/01 10:35:17]User Admin logged in
[2014/12/01 10:35:19]User Admin logged out
[2014/12/01 10:35:42]User Admin logged in
[2014/12/01 10:35:49]User Admin logged out
[2014/12/01 10:43:26]User Admin logged in
[2014/12/01 10:43:34]User Admin logged in
[2014/12/01 10:46:34]User Admin logged in
[2014/12/01 10:47:03]User Admin logged in
[2014/12/01 10:47:11]User Admin logged out
[2014/12/01 10:48:14]Login failed by user ADmin
[2014/12/01 10:48:21]Login failed by user Admin
[2014/12/01 10:48:26]User Admin logged in
[2014/12/01 10:48:45]Login failed by user Admin
[2014/12/01 10:48:51]User Admin logged in
[2014/12/01 10:52:06]User Admin logged in
[2014/12/01 02:59:19]User Admin logged out
[2014/12/01 02:59:28]User Admin logged in
[2014/12/01 03:11:56]User Admin logged in
[2014/12/01 03:13:01]Login failed by user Admin
[2014/12/01 03:13:09]User Admin logged in
[2014/12/01 03:23:46]User Admin logged in
[2014/12/02 08:07:29]User Admin logged in
[2014/12/02 09:16:28]User Admin logged out
[2014/12/02 09:16:38]User Admin logged in
[2014/12/02 10:05:00]User Admin logged out
[2014/12/02 10:05:07]User Test logged in
[2014/12/02 10:09:55]User Test logged out
[2014/12/02 10:10:00]User Admin logged in
[2014/12/02 10:28:24]Login failed by user admin
[2014/12/02 10:28:31]User Admin logged in
[2014/12/02 12:48:46]User Admin logged out
[2014/12/02 02:12:20]User Admin logged in
[2014/12/02 02:13:08]User Admin logged in
[2014/12/02 02:25:23]User Admin logged out
[2014/12/02 02:32:24]User Admin logged out
[2014/12/02 02:59:20]Login failed by user admin
[2014/12/02 02:59:30]User Admin logged in
[2014/12/02 04:19:31]User Admin logged in
[2014/12/03 08:39:42]Account testaren has been created
[2014/12/03 08:39:58]User testaren logged in
[2014/12/03 08:46:41]User testaren logged out
[2014/12/03 08:52:44]User Admin logged in
[2014/12/03 08:57:33]User Admin logged out
[2014/12/03 09:00:10]Account jack has been created
[2014/12/03 09:00:25]User jack logged in
[2014/12/03 09:06:23]User jack logged out
[2014/12/03 09:06:33]Login failed by user admin
[2014/12/03 09:06:42]User Admin logged in
[2014/12/03 09:07:51]User Admin logged out
[2014/12/03 09:50:40]User Admin logged in
[2014/12/03 09:55:02]Account admin has been created
[2014/12/03 09:55:07]User admin logged in
[2014/12/03 09:57:07]User admin logged out
[2014/12/03 09:57:22]Account AdmIn has been created
[2014/12/03 09:57:30]User AdmIn logged in
[2014/12/03 09:58:10]User AdmIn logged out
[2014/12/03 09:58:13]User admin logged in
[2014/12/03 09:59:59]User admin logged out
[2014/12/03 10:00:07]Login failed by user admiN
[2014/12/03 10:00:12]User admin logged in
[2014/12/03 10:00:31]User admin logged out
[2014/12/03 10:00:44]Login failed by user admiN
[2014/12/03 10:00:52]User Admin logged in
[2014/12/03 10:01:45]User Admin logged out
[2014/12/03 10:01:48]User admin logged in
[2014/12/03 10:02:59]User admin logged out
[2014/12/03 10:03:04]Login failed by user 123
[2014/12/03 10:03:18]User admin logged in
[2014/12/03 10:16:14]User Admin logged out
[2014/12/03 10:23:49]Login failed by user Admin
[2014/12/03 10:23:55]Login failed by user Admin
[2014/12/03 10:24:04]Login failed by user Admin
[2014/12/03 10:24:12]User admin logged out
[2014/12/03 10:24:21]Login failed by user Admin
[2014/12/03 10:24:29]Login failed by user Admin
[2014/12/03 10:24:40]Login failed by user admiN
[2014/12/03 10:25:36]User admin logged in
[2014/12/03 10:25:48]User admin logged in
[2014/12/03 10:26:22]User admin logged out
[2014/12/03 10:26:27]User Admin logged in
[2014/12/03 10:27:18]User Admin logged out
[2014/12/03 10:27:21]Login failed by user admin
[2014/12/03 10:27:24]User Admin logged in
[2014/12/03 10:32:03]User Admin logged out
[2014/12/03 10:32:07]Login failed by user admin
[2014/12/03 10:32:13]User admiN logged in
[2014/12/03 10:33:08]User admiN logged out
[2014/12/03 10:34:47]User admiN logged in
[2014/12/03 10:35:38]User admin logged out
[2014/12/03 10:35:49]User admiN logged in
[2014/12/03 10:40:20]Login failed by user admin
[2014/12/03 10:40:27]Account admin has been created
[2014/12/03 10:40:31]User admin logged in
[2014/12/03 10:43:43]User admin logged out
[2014/12/03 10:43:45]Login failed by user admin
[2014/12/03 10:43:48]User admiN logged in
[2014/12/03 10:44:43]User admiN logged out
[2014/12/03 10:44:47]Login failed by user asd
[2014/12/03 10:44:47]Login failed by user admiN
[2014/12/03 10:44:51]Login failed by user Admin
[2014/12/03 10:44:56]User Admin logged in
[2014/12/03 10:44:59]User Admin logged out
[2014/12/03 10:45:03]Login failed by user admin
[2014/12/03 10:45:06]Login failed by user admiN
[2014/12/03 10:45:10]Login failed by user Admin
[2014/12/03 10:46:00]Account admin has been created
[2014/12/03 10:46:03]User admin logged in
[2014/12/03 10:46:31]User admin logged out
[2014/12/03 10:46:34]User Admin logged in
[2014/12/03 10:46:45]User Admin logged out
[2014/12/03 10:46:49]Login failed by user admiN
[2014/12/03 10:46:53]User admiN logged in
[2014/12/03 10:48:07]User admiN logged out
[2014/12/03 10:48:12]User Admin logged in
[2014/12/03 10:48:51]User Admin logged out
[2014/12/03 10:48:54]User admin logged in
[2014/12/03 10:49:55]User admin logged out
[2014/12/03 10:49:58]User Admin logged in
[2014/12/03 10:50:14]User Admin logged out
[2014/12/03 10:50:21]User Admin logged in
[2014/12/03 10:50:34]User Admin logged out
[2014/12/03 10:51:47]Login failed by user admin
[2014/12/03 10:51:57]Account admin has been created
[2014/12/03 10:52:01]User admin logged in
[2014/12/03 10:52:21]User admin logged out
[2014/12/03 10:52:26]Login failed by user admin
[2014/12/03 10:52:30]User Admin logged in
[2014/12/03 10:53:44]User Admin logged out
[2014/12/03 10:53:47]Login failed by user admin
[2014/12/03 10:53:51]User Admin logged in
[2014/12/03 10:54:07]User Admin logged out
[2014/12/03 10:54:10]User Admin logged in
[2014/12/03 10:54:22]User Admin logged out
[2014/12/03 10:54:29]User Admin logged in
[2014/12/03 10:54:50]User Admin logged out
[2014/12/03 10:54:55]User Admin logged in
[2014/12/03 10:58:03]User Admin logged in
[2014/12/03 10:58:35]User Admin logged out
[2014/12/03 10:58:43]User Admin logged in
[2014/12/03 10:59:28]User Admin logged out
[2014/12/03 10:59:34]User Admin logged in
[2014/12/03 11:00:16]User Admin logged out
[2014/12/03 11:00:22]User Admin logged in
[2014/12/03 11:00:35]User Admin logged out
[2014/12/03 11:00:43]User Admin logged in
[2014/12/03 11:02:03]User Admin logged in
[2014/12/03 11:02:11]User Admin logged in
[2014/12/03 11:02:12]User Admin logged in
[2014/12/03 11:02:47]User Admin logged out
[2014/12/03 11:02:50]User Admin logged in
[2014/12/03 11:02:55]User Admin logged out
[2014/12/03 11:02:59]User Admin logged in
[2014/12/03 11:03:02]User Admin logged out
[2014/12/03 11:03:05]User Admin logged in
[2014/12/03 11:03:31]User Admin logged out
[2014/12/03 11:03:35]User Admin logged in
[2014/12/03 11:04:18]User Admin logged out
[2014/12/03 11:04:23]Login failed by user Admin
[2014/12/03 11:04:28]User Admin logged in
[2014/12/03 11:04:29]User Admin logged out
[2014/12/03 11:04:31]User Admin logged in
[2014/12/03 11:04:32]User Admin logged out
[2014/12/03 11:04:47]Account admin has been created
[2014/12/03 11:04:56]User admin logged in
[2014/12/03 11:05:09]User admin logged out
[2014/12/03 11:05:13]Login failed by user admin
[2014/12/03 11:05:18]User admin logged in
[2014/12/03 11:06:37]User admin logged out
[2014/12/03 11:06:39]User admin logged in
[2014/12/03 11:06:42]User admin logged out
[2014/12/03 11:06:45]User Admin logged in
[2014/12/03 11:06:56]User Admin logged out
[2014/12/03 11:06:59]User Admin logged in
[2014/12/03 11:07:10]User Admin logged out
[2014/12/03 11:07:13]Login failed by user Admin
[2014/12/03 11:07:19]User Admin logged in
[2014/12/03 11:07:23]User Admin logged out
[2014/12/03 11:07:29]User Admin logged in
[2014/12/03 11:07:34]User Admin logged out
[2014/12/03 11:07:37]User Admin logged in
[2014/12/03 11:07:38]User Admin logged out
[2014/12/03 11:07:40]User Admin logged in
[2014/12/03 11:08:11]User Admin logged out
[2014/12/03 11:08:18]User Admin logged in
[2014/12/03 11:08:52]User Admin logged out
[2014/12/03 11:09:04]User Admin logged in
[2014/12/03 11:09:08]User Admin logged out
[2014/12/03 11:09:12]User Admin logged in
[2014/12/03 11:09:23]User Admin logged out
[2014/12/03 11:09:26]User Admin logged in
[2014/12/03 11:09:29]User Admin logged out
[2014/12/03 11:09:33]User Admin logged in
[2014/12/03 11:09:47]User Admin logged out
[2014/12/03 11:09:51]User Admin logged in
[2014/12/03 11:10:09]User Admin logged out
[2014/12/03 11:10:16]User Admin logged in
[2014/12/03 11:10:19]User Admin logged out
[2014/12/03 11:10:22]Login failed by user Admin
[2014/12/03 11:10:45]User Admin logged in
[2014/12/03 11:13:27]User Admin logged out
[2014/12/03 11:13:36]User admin logged in
[2014/12/03 11:22:03]User admin logged out
[2014/12/03 11:22:07]User Admin logged in
[2014/12/03 11:22:09]Account admin has been created
[2014/12/03 11:22:13]User admin logged in
[2014/12/03 11:22:18]User Admin logged out
[2014/12/03 11:22:21]Login failed by user asd
[2014/12/03 11:22:27]User admin logged out
[2014/12/03 11:22:30]User Admin logged in
[2014/12/03 11:22:55]User admin logged in
[2014/12/03 11:23:11]User Admin logged out
[2014/12/03 11:23:15]User admin logged in
[2014/12/03 11:23:25]User admin logged out
[2014/12/03 11:23:28]User Admin logged in
[2014/12/03 11:23:39]User Admin logged out
[2014/12/03 11:23:42]User admin logged in
[2014/12/03 11:23:58]User admin logged out
[2014/12/03 11:24:03]User admiN logged in
[2014/12/03 11:24:48]User admiN logged out
[2014/12/03 11:24:53]User admin logged in
[2014/12/03 11:25:18]User admin logged out
[2014/12/03 11:25:20]User admin logged in
[2014/12/03 11:27:05]User admin logged out
[2014/12/03 11:28:30]Login failed by user admin
[2014/12/03 11:29:14]Account admin1 has been created
[2014/12/03 11:29:20]User admin1 logged in
[2014/12/03 11:29:30]User admin1 logged out
[2014/12/03 11:30:54]Login failed by user admin1
[2014/12/03 11:30:58]User Admin logged in
[2014/12/03 11:32:06]User admin logged in
[2014/12/03 11:32:16]User admin logged out
[2014/12/03 11:32:22]User Admin logged in
[2014/12/03 11:32:40]User Admin logged out
[2014/12/03 11:32:44]User admin logged in
[2014/12/03 11:36:18]User Admin logged out
[2014/12/03 11:36:23]User admin logged out
[2014/12/03 11:36:24]User Admin logged in
[2014/12/03 11:36:28]User Admin logged in
[2014/12/03 11:37:17]User Admin logged out
[2014/12/03 11:37:21]User admin logged in
[2014/12/03 11:37:24]User Admin logged out
[2014/12/03 11:38:10]User admin logged out
[2014/12/03 11:38:21]Login failed by user 
[2014/12/03 11:38:27]User admiN logged in
[2014/12/03 11:39:00]User admiN logged out
[2014/12/03 12:02:28]User admin logged in
[2014/12/03 12:03:50]User admin logged out
[2014/12/03 12:03:56]User admin logged in
[2014/12/03 12:06:23]User admin logged out
[2014/12/03 12:06:27]User admin logged in
[2014/12/03 12:08:44]User admin logged out
[2014/12/03 12:08:51]User Admin logged in
[2014/12/03 12:09:02]User Admin logged out
[2014/12/03 12:09:08]User Admin logged in
[2014/12/03 12:09:12]User Admin logged out
[2014/12/03 12:09:17]User admin logged in
[2014/12/03 12:09:57]User Admin logged in
[2014/12/03 12:11:51]User Admin logged out
[2014/12/03 12:12:57]User Admin logged out
[2014/12/03 12:13:03]User Admin logged in
[2014/12/03 12:13:19]User Admin logged out
[2014/12/03 12:13:24]User admin logged in
[2014/12/03 12:13:38]User admin logged out
[2014/12/03 12:13:43]User admin logged in
[2014/12/03 12:16:02]User admin logged out
[2014/12/03 12:16:06]User Admin logged in
[2014/12/03 12:16:09]User Admin logged out
[2014/12/03 12:16:18]User admiN logged in
[2014/12/03 12:16:41]User admiN logged out
[2014/12/03 12:18:19]User admin logged in
[2014/12/03 12:25:32]User Admin logged out
[2014/12/03 12:25:37]User admin logged in
[2014/12/03 12:26:18]User Admin logged out
[2014/12/03 12:26:25]Login failed by user admin
[2014/12/03 12:26:50]Account admin1 has been created
[2014/12/03 12:26:54]User admin1 logged in
[2014/12/03 12:34:14]User Admin logged out
[2014/12/03 12:34:29]Account welover has been created
[2014/12/03 12:34:33]User welover logged in
[2014/12/03 12:35:13]User Admin logged out
[2014/12/03 12:35:22]User welover logged in
[2014/12/03 12:35:36]User Admin logged in
[2014/12/03 12:36:01]User welover logged out
[2014/12/03 12:36:05]User admin logged in
[2014/12/03 12:36:20]User Admin logged out
[2014/12/03 12:36:39]User ADmin logged in
[2014/12/03 12:51:11]User Admin logged out
[2014/12/03 01:21:25]Login failed by user erik
[2014/12/03 03:20:09]User Admin logged out
[2014/12/03 03:20:24]User admin logged in
[2014/12/04 11:05:23]User Admin logged in
[2014/12/04 11:17:01]User Admin logged out
[2014/12/04 11:17:18]Account admin1 has been created
[2014/12/04 11:17:22]User admin1 logged in
[2014/12/04 11:17:32]User admin1 logged out
[2014/12/04 11:17:36]User welover logged in
[2014/12/04 11:17:56]User Admin logged out
[2014/12/04 11:18:04]User welover logged in
[2014/12/04 11:18:13]User Admin logged out
[2014/12/04 11:18:18]User welover logged in
[2014/12/04 11:18:36]User AdmIn logged out
[2014/12/04 11:18:39]User welover logged in
[2014/12/04 11:22:34]User welover logged out
[2014/12/04 01:23:55]User #Vagina Crusher logged in
[2014/12/04 01:24:21]User #Vagina Crusher logged out
[2014/12/05 12:54:05]User admin logged in
[2014/12/05 01:01:52]User #Vagina Crusher logged in
[2014/12/05 01:54:36]User Admin logged out
[2014/12/05 02:02:21]User Admin logged in
[2014/12/05 02:24:27]User Admin logged out
[2014/12/05 02:42:30]User Admin logged in
[2014/12/05 02:55:23]User Admin logged out
[2014/12/05 02:55:27]User Admin logged in
[2014/12/05 03:01:02]User Admin logged out
[2014/12/05 03:01:06]User Admin logged in
[2014/12/05 03:15:32]User Admin logged out
[2014/12/05 03:17:04]User welover logged in
[2014/12/05 03:17:23]User admin logged out
[2014/12/05 03:17:31]Login failed by user admin
[2014/12/05 03:17:33]User welover logged in
[2014/12/05 03:18:18]User AdMin logged out
[2014/12/05 03:18:21]User welover logged in
[2014/12/05 03:18:25]Login failed by user Admin
[2014/12/05 03:18:30]Login failed by user aDMIN
[2014/12/05 03:18:36]User ADMIN logged in
[2014/12/05 03:20:31]User Welover logged out
[2014/12/05 03:20:38]Login failed by user 123
[2014/12/05 03:20:43]User welover logged in
[2014/12/05 03:20:43]User Welover logged out
[2014/12/05 03:20:50]User weloveR logged in
[2014/12/05 03:20:57]User Welover logged out
[2014/12/05 03:21:02]Login failed by user welover
[2014/12/05 03:21:05]User welover logged in
[2014/12/05 03:27:13]User Admin logged out
[2014/12/05 03:27:45]User Admin logged in
[2014/12/05 03:32:04]User Admin logged out
[2014/12/05 03:32:22]User test logged in
[2014/12/05 03:36:56]User Test logged out
[2014/12/05 03:37:01]User Admin logged in
[2014/12/08 03:58:01]User admin logged in
[2014/12/08 04:35:56]User Admin logged out
[2014/12/08 04:40:12]User Admin logged in
[2014/12/08 04:43:22]User Admin logged out
[2014/12/08 04:44:39]User admin logged in
[2014/12/09 10:05:33]User Admin logged out
[2014/12/09 10:06:27]User admin logged in
[2014/12/09 10:07:04]User Admin logged out
[2014/12/09 10:19:05]User admin logged in
[2015/01/08 09:43:39]Login failed by user admin
[2015/01/08 09:43:46]User Admin logged in
